d:\visual studio\oop\lab5\debug\vc142.pdb
d:\visual studio\oop\lab5\debug\vc142.idb
d:\visual studio\oop\lab5\debug\validation.obj
d:\visual studio\oop\lab5\debug\tests.obj
d:\visual studio\oop\lab5\debug\repository.obj
d:\visual studio\oop\lab5\debug\movieinmemoryrepo.obj
d:\visual studio\oop\lab5\debug\domain.obj
d:\visual studio\oop\lab5\debug\lab5.obj
d:\visual studio\oop\lab5\debug\html.obj
d:\visual studio\oop\lab5\debug\csv.obj
d:\visual studio\oop\lab5\debug\controller.obj
d:\visual studio\oop\lab5\debug\ausnahmen.obj
d:\visual studio\oop\lab5\debug\lab5.ilk
d:\visual studio\oop\lab5\debug\lab5.exe
d:\visual studio\oop\lab5\debug\lab5.pdb
d:\visual studio\oop\lab5\debug\lab5.tlog\cl.command.1.tlog
d:\visual studio\oop\lab5\debug\lab5.tlog\cl.read.1.tlog
d:\visual studio\oop\lab5\debug\lab5.tlog\cl.write.1.tlog
d:\visual studio\oop\lab5\debug\lab5.tlog\link.command.1.tlog
d:\visual studio\oop\lab5\debug\lab5.tlog\link.read.1.tlog
d:\visual studio\oop\lab5\debug\lab5.tlog\link.write.1.tlog
